EDA Netlist Writer report for cpu_fibo
Sun Nov 16 16:15:57 2025
Quartus II 64-Bit Version 13.0.0 Build 156 04/24/2013 SJ Full Version


---------------------
; Table of Contents ;
---------------------
  1. Legal Notice
  2. EDA Netlist Writer Summary
  3. Simulation Settings
  4. Simulation Generated Files
  5. EDA Netlist Writer Messages



----------------
; Legal Notice ;
----------------
Copyright (C) 1991-2013 Altera Corporation
Your use of Altera Corporation's design tools, logic functions 
and other software and tools, and its AMPP partner logic 
functions, and any output files from any of the foregoing 
(including device programming or simulation files), and any 
associated documentation or information are expressly subject 
to the terms and conditions of the Altera Program License 
Subscription Agreement, Altera MegaCore Function License 
Agreement, or other applicable license agreement, including, 
without limitation, that your use is for the sole purpose of 
programming logic devices manufactured by Altera and sold by 
Altera or its authorized distributors.  Please refer to the 
applicable agreement for further details.



+-------------------------------------------------------------------+
; EDA Netlist Writer Summary                                        ;
+---------------------------+---------------------------------------+
; EDA Netlist Writer Status ; Successful - Sun Nov 16 16:15:57 2025 ;
; Revision Name             ; cpu_fibo                              ;
; Top-level Entity Name     ; cpu_fibo                              ;
; Family                    ; Cyclone II                            ;
; Simulation Files Creation ; Successful                            ;
+---------------------------+---------------------------------------+


+-------------------------------------------------------------------------------------------------------------------------------+
; Simulation Settings                                                                                                           ;
+---------------------------------------------------------------------------------------------------+---------------------------+
; Option                                                                                            ; Setting                   ;
+---------------------------------------------------------------------------------------------------+---------------------------+
; Tool Name                                                                                         ; ModelSim-Altera (Verilog) ;
; Generate netlist for functional simulation only                                                   ; On                        ;
; Truncate long hierarchy paths                                                                     ; Off                       ;
; Map illegal HDL characters                                                                        ; Off                       ;
; Flatten buses into individual nodes                                                               ; Off                       ;
; Maintain hierarchy                                                                                ; Off                       ;
; Bring out device-wide set/reset signals as ports                                                  ; Off                       ;
; Enable glitch filtering                                                                           ; Off                       ;
; Do not write top level VHDL entity                                                                ; Off                       ;
; Disable detection of setup and hold time violations in the input registers of bi-directional pins ; Off                       ;
; Architecture name in VHDL output netlist                                                          ; structure                 ;
; Generate third-party EDA tool command script for RTL functional simulation                        ; Off                       ;
; Generate third-party EDA tool command script for gate-level simulation                            ; Off                       ;
+---------------------------------------------------------------------------------------------------+---------------------------+


+-----------------------------------------------------------------------------+
; Simulation Generated Files                                                  ;
+-----------------------------------------------------------------------------+
; Generated Files                                                             ;
+-----------------------------------------------------------------------------+
; D:/code2/hardware/CPU/zh/group/cpu_fibo/prj/simulation/modelsim/cpu_fibo.vo ;
+-----------------------------------------------------------------------------+


+-----------------------------+
; EDA Netlist Writer Messages ;
+-----------------------------+
Info: *******************************************************************
Info: Running Quartus II 64-Bit EDA Netlist Writer
    Info: Version 13.0.0 Build 156 04/24/2013 SJ Full Version
    Info: Processing started: Sun Nov 16 16:15:55 2025
Info: Command: quartus_eda --functional=on --simulation=on --tool=modelsim_oem --format=verilog cpu_fibo -c cpu_fibo
Info (119004): Automatically selected device EP2C70F672C6 for design cpu_fibo
Info (119005): Fitting design with smaller device may be possible, but smaller device must be specified
Info (204019): Generated file cpu_fibo.vo in folder "D:/code2/hardware/CPU/zh/group/cpu_fibo/prj/simulation/modelsim/" for EDA simulation tool
Info: Quartus II 64-Bit EDA Netlist Writer was successful. 0 errors, 0 warnings
    Info: Peak virtual memory: 4549 megabytes
    Info: Processing ended: Sun Nov 16 16:15:57 2025
    Info: Elapsed time: 00:00:02
    Info: Total CPU time (on all processors): 00:00:01


