Analysis & Synthesis report for cpu_fibo
Wed Nov 05 17:12:50 2025
Quartus II 64-Bit Version 13.0.0 Build 156 04/24/2013 SJ Full Version


---------------------
; Table of Contents ;
---------------------
  1. Legal Notice
  2. Analysis & Synthesis Summary
  3. Analysis & Synthesis Settings
  4. Parallel Compilation
  5. Analysis & Synthesis Source Files Read
  6. Analysis & Synthesis Resource Usage Summary
  7. Analysis & Synthesis Resource Utilization by Entity
  8. Analysis & Synthesis RAM Summary
  9. General Register Statistics
 10. Registers Packed Into Inferred Megafunctions
 11. Multiplexer Restructuring Statistics (Restructuring Performed)
 12. Source assignments for main_memory:inst3|altsyncram:memory_array_rtl_0|altsyncram_q8m1:auto_generated
 13. Parameter Settings for User Entity Instance: datapath:inst
 14. Parameter Settings for User Entity Instance: main_memory:inst3
 15. Parameter Settings for User Entity Instance: microController:inst4
 16. Parameter Settings for Inferred Entity Instance: main_memory:inst3|altsyncram:memory_array_rtl_0
 17. altsyncram Parameter Settings by Entity Instance
 18. Elapsed Time Per Partition
 19. Analysis & Synthesis Messages



----------------
; Legal Notice ;
----------------
Copyright (C) 1991-2013 Altera Corporation
Your use of Altera Corporation's design tools, logic functions 
and other software and tools, and its AMPP partner logic 
functions, and any output files from any of the foregoing 
(including device programming or simulation files), and any 
associated documentation or information are expressly subject 
to the terms and conditions of the Altera Program License 
Subscription Agreement, Altera MegaCore Function License 
Agreement, or other applicable license agreement, including, 
without limitation, that your use is for the sole purpose of 
programming logic devices manufactured by Altera and sold by 
Altera or its authorized distributors.  Please refer to the 
applicable agreement for further details.



+----------------------------------------------------------------------------------+
; Analysis & Synthesis Summary                                                     ;
+------------------------------------+---------------------------------------------+
; Analysis & Synthesis Status        ; Successful - Wed Nov 05 17:12:50 2025       ;
; Quartus II 64-Bit Version          ; 13.0.0 Build 156 04/24/2013 SJ Full Version ;
; Revision Name                      ; cpu_fibo                                    ;
; Top-level Entity Name              ; cpu_fibo                                    ;
; Family                             ; Cyclone II                                  ;
; Total logic elements               ; 529                                         ;
;     Total combinational functions  ; 509                                         ;
;     Dedicated logic registers      ; 138                                         ;
; Total registers                    ; 138                                         ;
; Total pins                         ; 228                                         ;
; Total virtual pins                 ; 0                                           ;
; Total memory bits                  ; 1,048,576                                   ;
; Embedded Multiplier 9-bit elements ; 0                                           ;
; Total PLLs                         ; 0                                           ;
+------------------------------------+---------------------------------------------+


+----------------------------------------------------------------------------------------------------------------------+
; Analysis & Synthesis Settings                                                                                        ;
+----------------------------------------------------------------------------+--------------------+--------------------+
; Option                                                                     ; Setting            ; Default Value      ;
+----------------------------------------------------------------------------+--------------------+--------------------+
; Top-level entity name                                                      ; cpu_fibo           ; cpu_fibo           ;
; Family name                                                                ; Cyclone II         ; Cyclone IV GX      ;
; Use smart compilation                                                      ; Off                ; Off                ;
; Enable parallel Assembler and TimeQuest Timing Analyzer during compilation ; On                 ; On                 ;
; Enable compact report table                                                ; Off                ; Off                ;
; Restructure Multiplexers                                                   ; Auto               ; Auto               ;
; Create Debugging Nodes for IP Cores                                        ; Off                ; Off                ;
; Preserve fewer node names                                                  ; On                 ; On                 ;
; Disable OpenCore Plus hardware evaluation                                  ; Off                ; Off                ;
; Verilog Version                                                            ; Verilog_2001       ; Verilog_2001       ;
; VHDL Version                                                               ; VHDL_1993          ; VHDL_1993          ;
; State Machine Processing                                                   ; Auto               ; Auto               ;
; Safe State Machine                                                         ; Off                ; Off                ;
; Extract Verilog State Machines                                             ; On                 ; On                 ;
; Extract VHDL State Machines                                                ; On                 ; On                 ;
; Ignore Verilog initial constructs                                          ; Off                ; Off                ;
; Iteration limit for constant Verilog loops                                 ; 5000               ; 5000               ;
; Iteration limit for non-constant Verilog loops                             ; 250                ; 250                ;
; Add Pass-Through Logic to Inferred RAMs                                    ; On                 ; On                 ;
; Infer RAMs from Raw Logic                                                  ; On                 ; On                 ;
; Parallel Synthesis                                                         ; On                 ; On                 ;
; DSP Block Balancing                                                        ; Auto               ; Auto               ;
; NOT Gate Push-Back                                                         ; On                 ; On                 ;
; Power-Up Don't Care                                                        ; On                 ; On                 ;
; Remove Redundant Logic Cells                                               ; Off                ; Off                ;
; Remove Duplicate Registers                                                 ; On                 ; On                 ;
; Ignore CARRY Buffers                                                       ; Off                ; Off                ;
; Ignore CASCADE Buffers                                                     ; Off                ; Off                ;
; Ignore GLOBAL Buffers                                                      ; Off                ; Off                ;
; Ignore ROW GLOBAL Buffers                                                  ; Off                ; Off                ;
; Ignore LCELL Buffers                                                       ; Off                ; Off                ;
; Ignore SOFT Buffers                                                        ; On                 ; On                 ;
; Limit AHDL Integers to 32 Bits                                             ; Off                ; Off                ;
; Optimization Technique                                                     ; Balanced           ; Balanced           ;
; Carry Chain Length                                                         ; 70                 ; 70                 ;
; Auto Carry Chains                                                          ; On                 ; On                 ;
; Auto Open-Drain Pins                                                       ; On                 ; On                 ;
; Perform WYSIWYG Primitive Resynthesis                                      ; Off                ; Off                ;
; Auto ROM Replacement                                                       ; On                 ; On                 ;
; Auto RAM Replacement                                                       ; On                 ; On                 ;
; Auto Shift Register Replacement                                            ; Auto               ; Auto               ;
; Allow Shift Register Merging across Hierarchies                            ; Auto               ; Auto               ;
; Auto Clock Enable Replacement                                              ; On                 ; On                 ;
; Strict RAM Replacement                                                     ; Off                ; Off                ;
; Allow Synchronous Control Signals                                          ; On                 ; On                 ;
; Force Use of Synchronous Clear Signals                                     ; Off                ; Off                ;
; Auto RAM to Logic Cell Conversion                                          ; Off                ; Off                ;
; Auto Resource Sharing                                                      ; Off                ; Off                ;
; Allow Any RAM Size For Recognition                                         ; Off                ; Off                ;
; Allow Any ROM Size For Recognition                                         ; Off                ; Off                ;
; Allow Any Shift Register Size For Recognition                              ; Off                ; Off                ;
; Use LogicLock Constraints during Resource Balancing                        ; On                 ; On                 ;
; Ignore translate_off and synthesis_off directives                          ; Off                ; Off                ;
; Timing-Driven Synthesis                                                    ; Off                ; Off                ;
; Report Parameter Settings                                                  ; On                 ; On                 ;
; Report Source Assignments                                                  ; On                 ; On                 ;
; Report Connectivity Checks                                                 ; On                 ; On                 ;
; Ignore Maximum Fan-Out Assignments                                         ; Off                ; Off                ;
; Synchronization Register Chain Length                                      ; 2                  ; 2                  ;
; PowerPlay Power Optimization                                               ; Normal compilation ; Normal compilation ;
; HDL message level                                                          ; Level2             ; Level2             ;
; Suppress Register Optimization Related Messages                            ; Off                ; Off                ;
; Number of Removed Registers Reported in Synthesis Report                   ; 5000               ; 5000               ;
; Number of Swept Nodes Reported in Synthesis Report                         ; 5000               ; 5000               ;
; Number of Inverted Registers Reported in Synthesis Report                  ; 100                ; 100                ;
; Clock MUX Protection                                                       ; On                 ; On                 ;
; Auto Gated Clock Conversion                                                ; Off                ; Off                ;
; Block Design Naming                                                        ; Auto               ; Auto               ;
; SDC constraint protection                                                  ; Off                ; Off                ;
; Synthesis Effort                                                           ; Auto               ; Auto               ;
; Shift Register Replacement - Allow Asynchronous Clear Signal               ; On                 ; On                 ;
; Pre-Mapping Resynthesis Optimization                                       ; Off                ; Off                ;
; Analysis & Synthesis Message Level                                         ; Medium             ; Medium             ;
; Disable Register Merging Across Hierarchies                                ; Auto               ; Auto               ;
; Resource Aware Inference For Block RAM                                     ; On                 ; On                 ;
; Synthesis Seed                                                             ; 1                  ; 1                  ;
+----------------------------------------------------------------------------+--------------------+--------------------+


+------------------------------------------+
; Parallel Compilation                     ;
+----------------------------+-------------+
; Processors                 ; Number      ;
+----------------------------+-------------+
; Number detected on machine ; 20          ;
; Maximum allowed            ; 14          ;
;                            ;             ;
; Average used               ; 1.00        ;
; Maximum used               ; 1           ;
;                            ;             ;
; Usage by Processor         ; % Time Used ;
;     Processor 1            ; 100.0%      ;
;     Processors 2-20        ;   0.0%      ;
+----------------------------+-------------+


+-------------------------------------------------------------------------------------------------------------------------------------------------------------------------------------------------------------------------------+
; Analysis & Synthesis Source Files Read                                                                                                                                                                                        ;
+-----------------------------------------------+-----------------+-------------------------------------------------------+-------------------------------------------------------------------------------------------+---------+
; File Name with User-Entered Path              ; Used in Netlist ; File Type                                             ; File Name with Absolute Path                                                              ; Library ;
+-----------------------------------------------+-----------------+-------------------------------------------------------+-------------------------------------------------------------------------------------------+---------+
; ../rtl/microController.vhd                    ; yes             ; User VHDL File                                        ; D:/code2/hardware/CPU/zh/group/cpu_fibo/rtl/microController.vhd                           ;         ;
; ../rtl/datapath.vhd                           ; yes             ; User VHDL File                                        ; D:/code2/hardware/CPU/zh/group/cpu_fibo/rtl/datapath.vhd                                  ;         ;
; ../rtl/main_memory.vhd                        ; yes             ; User VHDL File                                        ; D:/code2/hardware/CPU/zh/group/cpu_fibo/rtl/main_memory.vhd                               ;         ;
; ../rtl/cpu_fibo.bdf                           ; yes             ; User Block Diagram/Schematic File                     ; D:/code2/hardware/CPU/zh/group/cpu_fibo/rtl/cpu_fibo.bdf                                  ;         ;
; altsyncram.tdf                                ; yes             ; Megafunction                                          ; e:/tools/quartus13.0/quartus/libraries/megafunctions/altsyncram.tdf                       ;         ;
; stratix_ram_block.inc                         ; yes             ; Megafunction                                          ; e:/tools/quartus13.0/quartus/libraries/megafunctions/stratix_ram_block.inc                ;         ;
; lpm_mux.inc                                   ; yes             ; Megafunction                                          ; e:/tools/quartus13.0/quartus/libraries/megafunctions/lpm_mux.inc                          ;         ;
; lpm_decode.inc                                ; yes             ; Megafunction                                          ; e:/tools/quartus13.0/quartus/libraries/megafunctions/lpm_decode.inc                       ;         ;
; aglobal130.inc                                ; yes             ; Megafunction                                          ; e:/tools/quartus13.0/quartus/libraries/megafunctions/aglobal130.inc                       ;         ;
; a_rdenreg.inc                                 ; yes             ; Megafunction                                          ; e:/tools/quartus13.0/quartus/libraries/megafunctions/a_rdenreg.inc                        ;         ;
; altrom.inc                                    ; yes             ; Megafunction                                          ; e:/tools/quartus13.0/quartus/libraries/megafunctions/altrom.inc                           ;         ;
; altram.inc                                    ; yes             ; Megafunction                                          ; e:/tools/quartus13.0/quartus/libraries/megafunctions/altram.inc                           ;         ;
; altdpram.inc                                  ; yes             ; Megafunction                                          ; e:/tools/quartus13.0/quartus/libraries/megafunctions/altdpram.inc                         ;         ;
; db/altsyncram_q8m1.tdf                        ; yes             ; Auto-Generated Megafunction                           ; D:/code2/hardware/CPU/zh/group/cpu_fibo/prj/db/altsyncram_q8m1.tdf                        ;         ;
; db/cpu_fibo.ram0_main_memory_cd597988.hdl.mif ; yes             ; Auto-Generated Auto-Found Memory Initialization File  ; D:/code2/hardware/CPU/zh/group/cpu_fibo/prj/db/cpu_fibo.ram0_main_memory_cd597988.hdl.mif ;         ;
; db/decode_ppa.tdf                             ; yes             ; Auto-Generated Megafunction                           ; D:/code2/hardware/CPU/zh/group/cpu_fibo/prj/db/decode_ppa.tdf                             ;         ;
; db/mux_olb.tdf                                ; yes             ; Auto-Generated Megafunction                           ; D:/code2/hardware/CPU/zh/group/cpu_fibo/prj/db/mux_olb.tdf                                ;         ;
+-----------------------------------------------+-----------------+-------------------------------------------------------+-------------------------------------------------------------------------------------------+---------+


+-------------------------------------------------------+
; Analysis & Synthesis Resource Usage Summary           ;
+---------------------------------------------+---------+
; Resource                                    ; Usage   ;
+---------------------------------------------+---------+
; Estimated Total logic elements              ; 529     ;
;                                             ;         ;
; Total combinational functions               ; 509     ;
; Logic element usage by number of LUT inputs ;         ;
;     -- 4 input functions                    ; 385     ;
;     -- 3 input functions                    ; 44      ;
;     -- <=2 input functions                  ; 80      ;
;                                             ;         ;
; Logic elements by mode                      ;         ;
;     -- normal mode                          ; 434     ;
;     -- arithmetic mode                      ; 75      ;
;                                             ;         ;
; Total registers                             ; 138     ;
;     -- Dedicated logic registers            ; 138     ;
;     -- I/O registers                        ; 0       ;
;                                             ;         ;
; I/O pins                                    ; 228     ;
; Total memory bits                           ; 1048576 ;
; Embedded Multiplier 9-bit elements          ; 0       ;
; Maximum fan-out node                        ; clk     ;
; Maximum fan-out                             ; 394     ;
; Total fan-out                               ; 6527    ;
; Average fan-out                             ; 5.77    ;
+---------------------------------------------+---------+


+------------------------------------------------------------------------------------------------------------------------------------------------------------------------------------------------------------------------------------------------------------------------------------+
; Analysis & Synthesis Resource Utilization by Entity                                                                                                                                                                                                                                ;
+-------------------------------------------+-------------------+--------------+-------------+--------------+---------+-----------+------+--------------+-------------------------------------------------------------------------------------------------------------+--------------+
; Compilation Hierarchy Node                ; LC Combinationals ; LC Registers ; Memory Bits ; DSP Elements ; DSP 9x9 ; DSP 18x18 ; Pins ; Virtual Pins ; Full Hierarchy Name                                                                                         ; Library Name ;
+-------------------------------------------+-------------------+--------------+-------------+--------------+---------+-----------+------+--------------+-------------------------------------------------------------------------------------------------------------+--------------+
; |cpu_fibo                                 ; 509 (0)           ; 138 (0)      ; 1048576     ; 0            ; 0       ; 0         ; 228  ; 0            ; |cpu_fibo                                                                                                   ;              ;
;    |datapath:inst|                        ; 229 (229)         ; 129 (129)    ; 0           ; 0            ; 0       ; 0         ; 0    ; 0            ; |cpu_fibo|datapath:inst                                                                                     ;              ;
;    |main_memory:inst3|                    ; 214 (0)           ; 4 (0)        ; 1048576     ; 0            ; 0       ; 0         ; 0    ; 0            ; |cpu_fibo|main_memory:inst3                                                                                 ;              ;
;       |altsyncram:memory_array_rtl_0|     ; 214 (0)           ; 4 (0)        ; 1048576     ; 0            ; 0       ; 0         ; 0    ; 0            ; |cpu_fibo|main_memory:inst3|altsyncram:memory_array_rtl_0                                                   ;              ;
;          |altsyncram_q8m1:auto_generated| ; 214 (0)           ; 4 (4)        ; 1048576     ; 0            ; 0       ; 0         ; 0    ; 0            ; |cpu_fibo|main_memory:inst3|altsyncram:memory_array_rtl_0|altsyncram_q8m1:auto_generated                    ;              ;
;             |decode_ppa:decode2|          ; 20 (20)           ; 0 (0)        ; 0           ; 0            ; 0       ; 0         ; 0    ; 0            ; |cpu_fibo|main_memory:inst3|altsyncram:memory_array_rtl_0|altsyncram_q8m1:auto_generated|decode_ppa:decode2 ;              ;
;             |mux_olb:mux3|                ; 194 (194)         ; 0 (0)        ; 0           ; 0            ; 0       ; 0         ; 0    ; 0            ; |cpu_fibo|main_memory:inst3|altsyncram:memory_array_rtl_0|altsyncram_q8m1:auto_generated|mux_olb:mux3       ;              ;
;    |microController:inst4|                ; 66 (66)           ; 5 (5)        ; 0           ; 0            ; 0       ; 0         ; 0    ; 0            ; |cpu_fibo|microController:inst4                                                                             ;              ;
+-------------------------------------------+-------------------+--------------+-------------+--------------+---------+-----------+------+--------------+-------------------------------------------------------------------------------------------------------------+--------------+
Note: For table entries with two numbers listed, the numbers in parentheses indicate the number of resources of the given type used by the specific entity alone. The numbers listed outside of parentheses indicate the total resources of the given type used by the specific entity and all of its sub-entities in the hierarchy.


+-------------------------------------------------------------------------------------------------------------------------------------------------------------------------------------------------------------------------------------------+
; Analysis & Synthesis RAM Summary                                                                                                                                                                                                          ;
+-------------------------------------------------------------------------------------------+------+------------------+--------------+--------------+--------------+--------------+---------+-----------------------------------------------+
; Name                                                                                      ; Type ; Mode             ; Port A Depth ; Port A Width ; Port B Depth ; Port B Width ; Size    ; MIF                                           ;
+-------------------------------------------------------------------------------------------+------+------------------+--------------+--------------+--------------+--------------+---------+-----------------------------------------------+
; main_memory:inst3|altsyncram:memory_array_rtl_0|altsyncram_q8m1:auto_generated|ALTSYNCRAM ; AUTO ; Simple Dual Port ; 65536        ; 16           ; 65536        ; 16           ; 1048576 ; db/cpu_fibo.ram0_main_memory_cd597988.hdl.mif ;
+-------------------------------------------------------------------------------------------+------+------------------+--------------+--------------+--------------+--------------+---------+-----------------------------------------------+


+------------------------------------------------------+
; General Register Statistics                          ;
+----------------------------------------------+-------+
; Statistic                                    ; Value ;
+----------------------------------------------+-------+
; Total registers                              ; 138   ;
; Number of registers using Synchronous Clear  ; 0     ;
; Number of registers using Synchronous Load   ; 48    ;
; Number of registers using Asynchronous Clear ; 133   ;
; Number of registers using Asynchronous Load  ; 0     ;
; Number of registers using Clock Enable       ; 128   ;
; Number of registers using Preset             ; 0     ;
+----------------------------------------------+-------+


+---------------------------------------------------------------------------------+
; Registers Packed Into Inferred Megafunctions                                    ;
+-----------------------------------+--------------------------------------+------+
; Register Name                     ; Megafunction                         ; Type ;
+-----------------------------------+--------------------------------------+------+
; main_memory:inst3|data_out[0..15] ; main_memory:inst3|memory_array_rtl_0 ; RAM  ;
+-----------------------------------+--------------------------------------+------+


+-----------------------------------------------------------------------------------------------------------------------------------------------------+
; Multiplexer Restructuring Statistics (Restructuring Performed)                                                                                      ;
+--------------------+-----------+---------------+----------------------+------------------------+------------+---------------------------------------+
; Multiplexer Inputs ; Bus Width ; Baseline Area ; Area if Restructured ; Saving if Restructured ; Registered ; Example Multiplexer Output            ;
+--------------------+-----------+---------------+----------------------+------------------------+------------+---------------------------------------+
; 4:1                ; 16 bits   ; 32 LEs        ; 32 LEs               ; 0 LEs                  ; Yes        ; |cpu_fibo|datapath:inst|MDR_reg[0]    ;
; 3:1                ; 16 bits   ; 32 LEs        ; 16 LEs               ; 16 LEs                 ; Yes        ; |cpu_fibo|datapath:inst|AX_reg[0]     ;
; 3:1                ; 16 bits   ; 32 LEs        ; 16 LEs               ; 16 LEs                 ; Yes        ; |cpu_fibo|datapath:inst|BX_reg[13]    ;
; 3:1                ; 16 bits   ; 32 LEs        ; 16 LEs               ; 16 LEs                 ; Yes        ; |cpu_fibo|datapath:inst|CX_reg[15]    ;
; 4:1                ; 16 bits   ; 32 LEs        ; 32 LEs               ; 0 LEs                  ; Yes        ; |cpu_fibo|datapath:inst|AC_reg[6]     ;
; 4:1                ; 16 bits   ; 32 LEs        ; 32 LEs               ; 0 LEs                  ; No         ; |cpu_fibo|datapath:inst|Mux22         ;
; 8:1                ; 4 bits    ; 20 LEs        ; 16 LEs               ; 4 LEs                  ; No         ; |cpu_fibo|datapath:inst|Mux0          ;
; 8:1                ; 12 bits   ; 60 LEs        ; 48 LEs               ; 12 LEs                 ; No         ; |cpu_fibo|datapath:inst|Mux4          ;
; 5:1                ; 5 bits    ; 15 LEs        ; 10 LEs               ; 5 LEs                  ; No         ; |cpu_fibo|microController:inst4|Mux39 ;
+--------------------+-----------+---------------+----------------------+------------------------+------------+---------------------------------------+


+-------------------------------------------------------------------------------------------------------+
; Source assignments for main_memory:inst3|altsyncram:memory_array_rtl_0|altsyncram_q8m1:auto_generated ;
+---------------------------------+--------------------+------+-----------------------------------------+
; Assignment                      ; Value              ; From ; To                                      ;
+---------------------------------+--------------------+------+-----------------------------------------+
; OPTIMIZE_POWER_DURING_SYNTHESIS ; NORMAL_COMPILATION ; -    ; -                                       ;
+---------------------------------+--------------------+------+-----------------------------------------+


+------------------------------------------------------------+
; Parameter Settings for User Entity Instance: datapath:inst ;
+---------------------+-------+------------------------------+
; Parameter Name      ; Value ; Type                         ;
+---------------------+-------+------------------------------+
; addr_width          ; 16    ; Signed Integer               ;
; data_width          ; 16    ; Signed Integer               ;
; microinstruct_width ; 32    ; Signed Integer               ;
+---------------------+-------+------------------------------+
Note: In order to hide this table in the UI and the text report file, please set the "Show Parameter Settings in Synthesis Report" option in "Analysis and Synthesis Settings -> More Settings" to "Off".


+----------------------------------------------------------------+
; Parameter Settings for User Entity Instance: main_memory:inst3 ;
+---------------------+-------+----------------------------------+
; Parameter Name      ; Value ; Type                             ;
+---------------------+-------+----------------------------------+
; addr_width          ; 16    ; Signed Integer                   ;
; data_width          ; 16    ; Signed Integer                   ;
; MICROINSTRUCT_WIDTH ; 32    ; Signed Integer                   ;
+---------------------+-------+----------------------------------+
Note: In order to hide this table in the UI and the text report file, please set the "Show Parameter Settings in Synthesis Report" option in "Analysis and Synthesis Settings -> More Settings" to "Off".


+--------------------------------------------------------------------+
; Parameter Settings for User Entity Instance: microController:inst4 ;
+---------------------+-------+--------------------------------------+
; Parameter Name      ; Value ; Type                                 ;
+---------------------+-------+--------------------------------------+
; addr_width          ; 16    ; Signed Integer                       ;
; data_width          ; 16    ; Signed Integer                       ;
; microinstruct_width ; 32    ; Signed Integer                       ;
+---------------------+-------+--------------------------------------+
Note: In order to hide this table in the UI and the text report file, please set the "Show Parameter Settings in Synthesis Report" option in "Analysis and Synthesis Settings -> More Settings" to "Off".


+-----------------------------------------------------------------------------------------------------+
; Parameter Settings for Inferred Entity Instance: main_memory:inst3|altsyncram:memory_array_rtl_0    ;
+------------------------------------+-----------------------------------------------+----------------+
; Parameter Name                     ; Value                                         ; Type           ;
+------------------------------------+-----------------------------------------------+----------------+
; BYTE_SIZE_BLOCK                    ; 8                                             ; Untyped        ;
; AUTO_CARRY_CHAINS                  ; ON                                            ; AUTO_CARRY     ;
; IGNORE_CARRY_BUFFERS               ; OFF                                           ; IGNORE_CARRY   ;
; AUTO_CASCADE_CHAINS                ; ON                                            ; AUTO_CASCADE   ;
; IGNORE_CASCADE_BUFFERS             ; OFF                                           ; IGNORE_CASCADE ;
; WIDTH_BYTEENA                      ; 1                                             ; Untyped        ;
; OPERATION_MODE                     ; DUAL_PORT                                     ; Untyped        ;
; WIDTH_A                            ; 16                                            ; Untyped        ;
; WIDTHAD_A                          ; 16                                            ; Untyped        ;
; NUMWORDS_A                         ; 65536                                         ; Untyped        ;
; OUTDATA_REG_A                      ; UNREGISTERED                                  ; Untyped        ;
; ADDRESS_ACLR_A                     ; NONE                                          ; Untyped        ;
; OUTDATA_ACLR_A                     ; NONE                                          ; Untyped        ;
; WRCONTROL_ACLR_A                   ; NONE                                          ; Untyped        ;
; INDATA_ACLR_A                      ; NONE                                          ; Untyped        ;
; BYTEENA_ACLR_A                     ; NONE                                          ; Untyped        ;
; WIDTH_B                            ; 16                                            ; Untyped        ;
; WIDTHAD_B                          ; 16                                            ; Untyped        ;
; NUMWORDS_B                         ; 65536                                         ; Untyped        ;
; INDATA_REG_B                       ; CLOCK1                                        ; Untyped        ;
; WRCONTROL_WRADDRESS_REG_B          ; CLOCK1                                        ; Untyped        ;
; RDCONTROL_REG_B                    ; CLOCK1                                        ; Untyped        ;
; ADDRESS_REG_B                      ; CLOCK0                                        ; Untyped        ;
; OUTDATA_REG_B                      ; UNREGISTERED                                  ; Untyped        ;
; BYTEENA_REG_B                      ; CLOCK1                                        ; Untyped        ;
; INDATA_ACLR_B                      ; NONE                                          ; Untyped        ;
; WRCONTROL_ACLR_B                   ; NONE                                          ; Untyped        ;
; ADDRESS_ACLR_B                     ; NONE                                          ; Untyped        ;
; OUTDATA_ACLR_B                     ; NONE                                          ; Untyped        ;
; RDCONTROL_ACLR_B                   ; NONE                                          ; Untyped        ;
; BYTEENA_ACLR_B                     ; NONE                                          ; Untyped        ;
; WIDTH_BYTEENA_A                    ; 1                                             ; Untyped        ;
; WIDTH_BYTEENA_B                    ; 1                                             ; Untyped        ;
; RAM_BLOCK_TYPE                     ; AUTO                                          ; Untyped        ;
; BYTE_SIZE                          ; 8                                             ; Untyped        ;
; READ_DURING_WRITE_MODE_MIXED_PORTS ; OLD_DATA                                      ; Untyped        ;
; READ_DURING_WRITE_MODE_PORT_A      ; NEW_DATA_NO_NBE_READ                          ; Untyped        ;
; READ_DURING_WRITE_MODE_PORT_B      ; NEW_DATA_NO_NBE_READ                          ; Untyped        ;
; INIT_FILE                          ; db/cpu_fibo.ram0_main_memory_cd597988.hdl.mif ; Untyped        ;
; INIT_FILE_LAYOUT                   ; PORT_A                                        ; Untyped        ;
; MAXIMUM_DEPTH                      ; 0                                             ; Untyped        ;
; CLOCK_ENABLE_INPUT_A               ; NORMAL                                        ; Untyped        ;
; CLOCK_ENABLE_INPUT_B               ; NORMAL                                        ; Untyped        ;
; CLOCK_ENABLE_OUTPUT_A              ; NORMAL                                        ; Untyped        ;
; CLOCK_ENABLE_OUTPUT_B              ; NORMAL                                        ; Untyped        ;
; CLOCK_ENABLE_CORE_A                ; USE_INPUT_CLKEN                               ; Untyped        ;
; CLOCK_ENABLE_CORE_B                ; USE_INPUT_CLKEN                               ; Untyped        ;
; ENABLE_ECC                         ; FALSE                                         ; Untyped        ;
; ECC_PIPELINE_STAGE_ENABLED         ; FALSE                                         ; Untyped        ;
; WIDTH_ECCSTATUS                    ; 3                                             ; Untyped        ;
; DEVICE_FAMILY                      ; Cyclone II                                    ; Untyped        ;
; CBXI_PARAMETER                     ; altsyncram_q8m1                               ; Untyped        ;
+------------------------------------+-----------------------------------------------+----------------+
Note: In order to hide this table in the UI and the text report file, please set the "Show Parameter Settings in Synthesis Report" option in "Analysis and Synthesis Settings -> More Settings" to "Off".


+---------------------------------------------------------------------------------------------+
; altsyncram Parameter Settings by Entity Instance                                            ;
+-------------------------------------------+-------------------------------------------------+
; Name                                      ; Value                                           ;
+-------------------------------------------+-------------------------------------------------+
; Number of entity instances                ; 1                                               ;
; Entity Instance                           ; main_memory:inst3|altsyncram:memory_array_rtl_0 ;
;     -- OPERATION_MODE                     ; DUAL_PORT                                       ;
;     -- WIDTH_A                            ; 16                                              ;
;     -- NUMWORDS_A                         ; 65536                                           ;
;     -- OUTDATA_REG_A                      ; UNREGISTERED                                    ;
;     -- WIDTH_B                            ; 16                                              ;
;     -- NUMWORDS_B                         ; 65536                                           ;
;     -- ADDRESS_REG_B                      ; CLOCK0                                          ;
;     -- OUTDATA_REG_B                      ; UNREGISTERED                                    ;
;     -- RAM_BLOCK_TYPE                     ; AUTO                                            ;
;     -- READ_DURING_WRITE_MODE_MIXED_PORTS ; OLD_DATA                                        ;
+-------------------------------------------+-------------------------------------------------+


+-------------------------------+
; Elapsed Time Per Partition    ;
+----------------+--------------+
; Partition Name ; Elapsed Time ;
+----------------+--------------+
; Top            ; 00:00:02     ;
+----------------+--------------+


+-------------------------------+
; Analysis & Synthesis Messages ;
+-------------------------------+
Info: *******************************************************************
Info: Running Quartus II 64-Bit Analysis & Synthesis
    Info: Version 13.0.0 Build 156 04/24/2013 SJ Full Version
    Info: Processing started: Wed Nov 05 17:12:44 2025
Info: Command: quartus_map --read_settings_files=on --write_settings_files=off cpu_fibo -c cpu_fibo
Info (11104): Parallel Compilation has detected 20 hyper-threaded processors. However, the extra hyper-threaded processors will not be used by default. Parallel Compilation will use 14 of the 14 physical processors detected instead.
Info (12021): Found 2 design units, including 1 entities, in source file /code2/hardware/cpu/zh/group/cpu_fibo/rtl/microcontroller.vhd
    Info (12022): Found design unit 1: microController-behav_microController
    Info (12023): Found entity 1: microController
Info (12021): Found 2 design units, including 1 entities, in source file /code2/hardware/cpu/zh/group/cpu_fibo/rtl/datapath.vhd
    Info (12022): Found design unit 1: datapath-behav_datapath
    Info (12023): Found entity 1: datapath
Info (12021): Found 2 design units, including 1 entities, in source file /code2/hardware/cpu/zh/group/cpu_fibo/rtl/main_memory.vhd
    Info (12022): Found design unit 1: main_memory-behav_main_memory
    Info (12023): Found entity 1: main_memory
Info (12021): Found 1 design units, including 1 entities, in source file /code2/hardware/cpu/zh/group/cpu_fibo/rtl/cpu_fibo.bdf
    Info (12023): Found entity 1: cpu_fibo
Info (12127): Elaborating entity "cpu_fibo" for the top level hierarchy
Info (12128): Elaborating entity "datapath" for hierarchy "datapath:inst"
Info (12128): Elaborating entity "main_memory" for hierarchy "main_memory:inst3"
Info (12128): Elaborating entity "microController" for hierarchy "microController:inst4"
Warning (10036): Verilog HDL or VHDL warning at microController.vhd(29): object "uIR_reg" assigned a value but never read
Info (19000): Inferred 1 megafunctions from design logic
    Info (276029): Inferred altsyncram megafunction from the following design logic: "main_memory:inst3|memory_array_rtl_0" 
        Info (286033): Parameter OPERATION_MODE set to DUAL_PORT
        Info (286033): Parameter WIDTH_A set to 16
        Info (286033): Parameter WIDTHAD_A set to 16
        Info (286033): Parameter NUMWORDS_A set to 65536
        Info (286033): Parameter WIDTH_B set to 16
        Info (286033): Parameter WIDTHAD_B set to 16
        Info (286033): Parameter NUMWORDS_B set to 65536
        Info (286033): Parameter ADDRESS_ACLR_A set to NONE
        Info (286033): Parameter OUTDATA_REG_B set to UNREGISTERED
        Info (286033): Parameter ADDRESS_ACLR_B set to NONE
        Info (286033): Parameter OUTDATA_ACLR_B set to NONE
        Info (286033): Parameter ADDRESS_REG_B set to CLOCK0
        Info (286033): Parameter INDATA_ACLR_A set to NONE
        Info (286033): Parameter WRCONTROL_ACLR_A set to NONE
        Info (286033): Parameter INIT_FILE set to db/cpu_fibo.ram0_main_memory_cd597988.hdl.mif
        Info (286033): Parameter READ_DURING_WRITE_MODE_MIXED_PORTS set to OLD_DATA
Info (12130): Elaborated megafunction instantiation "main_memory:inst3|altsyncram:memory_array_rtl_0"
Info (12133): Instantiated megafunction "main_memory:inst3|altsyncram:memory_array_rtl_0" with the following parameter:
    Info (12134): Parameter "OPERATION_MODE" = "DUAL_PORT"
    Info (12134): Parameter "WIDTH_A" = "16"
    Info (12134): Parameter "WIDTHAD_A" = "16"
    Info (12134): Parameter "NUMWORDS_A" = "65536"
    Info (12134): Parameter "WIDTH_B" = "16"
    Info (12134): Parameter "WIDTHAD_B" = "16"
    Info (12134): Parameter "NUMWORDS_B" = "65536"
    Info (12134): Parameter "ADDRESS_ACLR_A" = "NONE"
    Info (12134): Parameter "OUTDATA_REG_B" = "UNREGISTERED"
    Info (12134): Parameter "ADDRESS_ACLR_B" = "NONE"
    Info (12134): Parameter "OUTDATA_ACLR_B" = "NONE"
    Info (12134): Parameter "ADDRESS_REG_B" = "CLOCK0"
    Info (12134): Parameter "INDATA_ACLR_A" = "NONE"
    Info (12134): Parameter "WRCONTROL_ACLR_A" = "NONE"
    Info (12134): Parameter "INIT_FILE" = "db/cpu_fibo.ram0_main_memory_cd597988.hdl.mif"
    Info (12134): Parameter "READ_DURING_WRITE_MODE_MIXED_PORTS" = "OLD_DATA"
Info (12021): Found 1 design units, including 1 entities, in source file db/altsyncram_q8m1.tdf
    Info (12023): Found entity 1: altsyncram_q8m1
Info (12021): Found 1 design units, including 1 entities, in source file db/decode_ppa.tdf
    Info (12023): Found entity 1: decode_ppa
Info (12021): Found 1 design units, including 1 entities, in source file db/mux_olb.tdf
    Info (12023): Found entity 1: mux_olb
Info (16010): Generating hard_block partition "hard_block:auto_generated_inst"
    Info (16011): Adding 0 node(s), including 0 DDIO, 0 PLL, 0 transceiver and 0 LCELL
Info (21057): Implemented 1050 device resources after synthesis - the final resource count might be different
    Info (21058): Implemented 2 input pins
    Info (21059): Implemented 226 output pins
    Info (21061): Implemented 566 logic cells
    Info (21064): Implemented 256 RAM segments
Info: Quartus II 64-Bit Analysis & Synthesis was successful. 0 errors, 1 warning
    Info: Peak virtual memory: 4681 megabytes
    Info: Processing ended: Wed Nov 05 17:12:50 2025
    Info: Elapsed time: 00:00:06
    Info: Total CPU time (on all processors): 00:00:02


